ISim log file
Running: D:\AI026\Experiment\fullsubtractor_isim_beh.exe -intstyle ise -gui -tclbatch isim.cmd -wdb D:/AI026/Experiment/fullsubtractor_isim_beh.wdb 
ISim P.20131013 (signature 0x7708f090)
This is a Full version of ISim.
Time resolution is 1 ps
# onerror resume
# wave add /
# run 1000 ns
Simulator is doing circuit initialization process.
Finished circuit initialization process.
# isim force add /fullsubtractor/A 0 -radix bin
# isim force add /fullsubtractor/A 0 -radix bin
# isim force add /fullsubtractor/B 0 -radix bin
# isim force add /fullsubtractor/B 0 -radix bin
# isim force add /fullsubtractor/C 0 -radix bin
# isim force add /fullsubtractor/C 0 -radix bin
# run 1.00us
# isim force add /fullsubtractor/C 1 -radix bin
# isim force add /fullsubtractor/C 1 -radix bin
# isim force add /fullsubtractor/C 1 -radix bin
# run 1.00us
# isim force add /fullsubtractor/B 1 -radix bin
# isim force add /fullsubtractor/B 1 -radix bin
# isim force add /fullsubtractor/C 0 -radix bin
# isim force add /fullsubtractor/C 0 -radix bin
# run 1.00us
# isim force add /fullsubtractor/C 1 -radix bin
# isim force add /fullsubtractor/C 1 -radix bin
# run 1.00us
# isim force add /fullsubtractor/A 1 -radix bin
# isim force add /fullsubtractor/A 1 -radix bin
# isim force add /fullsubtractor/B 0 -radix bin
# isim force add /fullsubtractor/B 0 -radix bin
# isim force add /fullsubtractor/C 0 -radix bin
# isim force add /fullsubtractor/C 0 -radix bin
# run 1.00us
# isim force add /fullsubtractor/C 1 -radix bin
# isim force add /fullsubtractor/C 1 -radix bin
# run 1.00us
# isim force add /fullsubtractor/B 1 -radix bin
# isim force add /fullsubtractor/B 1 -radix bin
# isim force add /fullsubtractor/C 0 -radix bin
# isim force add /fullsubtractor/C 0 -radix bin
# run 1.00us
# isim force add /fullsubtractor/C 1 -radix bin
# isim force add /fullsubtractor/C 1 -radix bin
# run 1.00us
